1761811320|/index.php|https://schoola2.loc/index.php?id=gbook
1761811323|/index.php|https://schoola2.loc/index.php
1761811324|/index.php?id=about|https://schoola2.loc/index.php
1761811325|/index.php?id=contact|https://schoola2.loc/index.php?id=about
1761811326|/index.php?id=info|https://schoola2.loc/index.php?id=contact
1761811327|/index.php?id=guest|https://schoola2.loc/index.php?id=info
1761811328|/index.php?id=log|https://schoola2.loc/index.php?id=guest
1761811332|/index.php|https://schoola2.loc/index.php?id=log
1761811344|/index.php?id=log|https://schoola2.loc/index.php
1761811348|/index.php?id=contact|https://schoola2.loc/index.php?id=log
1761811349|/index.php?id=log|https://schoola2.loc/index.php?id=contact
1761811355|/index.php?id=info|https://schoola2.loc/index.php?id=log
1761811356|/index.php?id=log|https://schoola2.loc/index.php?id=info
1761811370|/index.php?id=log|https://schoola2.loc/index.php?id=info
1761811374|/index.php?id=log|https://schoola2.loc/index.php?id=info
1761811374|/index.php?id=log|https://schoola2.loc/index.php?id=info
1761811375|/index.php?id=log|https://schoola2.loc/index.php?id=info
1761811375|/index.php?id=log|https://schoola2.loc/index.php?id=info
1761811376|/index.php?id=contact|https://schoola2.loc/index.php?id=log
1761811377|/index.php|https://schoola2.loc/index.php?id=contact
1761811378|/index.php?id=about|https://schoola2.loc/index.php
1761811443|/index.php?id=about|https://schoola2.loc/index.php
1761811446|/index.php?id=log|https://schoola2.loc/index.php?id=about
1761811451|/index.php?id=log|https://schoola2.loc/index.php?id=about
1761811454|/index.php|https://schoola2.loc/index.php?id=log
1761811456|/index.php?id=about|https://schoola2.loc/index.php
1761811457|/index.php?id=contact|https://schoola2.loc/index.php?id=about
1761811504|/index.php?id=contact|https://schoola2.loc/index.php?id=about
1761811520|/index.php?id=contact|https://schoola2.loc/index.php?id=about
1761811548|/index.php?id=contact|https://schoola2.loc/index.php?id=about
1761811549|/index.php?id=contact|https://schoola2.loc/index.php?id=about
1761811549|/index.php?id=contact|https://schoola2.loc/index.php?id=about
1761811549|/index.php?id=contact|https://schoola2.loc/index.php?id=about
1761811553|/index.php|https://schoola2.loc/index.php?id=contact
1761811554|/index.php?id=log|https://schoola2.loc/index.php
1761811564|/index.php?id=guest|https://schoola2.loc/index.php?id=log
1761811575|/index.php?id=contact|https://schoola2.loc/index.php?id=guest
1761811577|/index.php?id=about|https://schoola2.loc/index.php?id=contact
1761811578|/index.php|https://schoola2.loc/index.php?id=about
1761811719|/index.php?id=log|https://schoola2.loc/index.php
1761811731|/index.php?id=guest|https://schoola2.loc/index.php?id=log
1761811733|/index.php?id=info|https://schoola2.loc/index.php?id=guest
1761811734|/index.php?id=contact|https://schoola2.loc/index.php?id=info
1761811736|/index.php?id=about|https://schoola2.loc/index.php?id=contact
1761811738|/index.php|https://schoola2.loc/index.php?id=about
1761811740|/index.php?id=guest|https://schoola2.loc/index.php
1761811741|/index.php|https://schoola2.loc/index.php?id=guest
1761811743|/index.php?id=guest|https://schoola2.loc/index.php
1761811759|/index.php?id=guest|https://schoola2.loc/index.php
1761811761|/index.php?id=about|https://schoola2.loc/index.php?id=guest
1761811762|/index.php?id=contact|https://schoola2.loc/index.php?id=about
1761811763|/index.php?id=info|https://schoola2.loc/index.php?id=contact
1761811764|/index.php?id=log|https://schoola2.loc/index.php?id=info
1761812140|/index.php?id=log|https://schoola2.loc/index.php?id=info
1761812142|/index.php?id=about|https://schoola2.loc/index.php?id=log
1761812143|/index.php?id=contact|https://schoola2.loc/index.php?id=about
1761812146|/index.php?id=info|https://schoola2.loc/index.php?id=contact
1761812147|/index.php?id=gbook|https://schoola2.loc/index.php?id=info
1761812149|/index.php?id=gbook|https://schoola2.loc/index.php?id=info
1761812150|/index.php?id=gbook|https://schoola2.loc/index.php?id=info
1761812150|/index.php?id=gbook|https://schoola2.loc/index.php?id=info
1761812154|/index.php?id=log|https://schoola2.loc/index.php?id=info
1761812154|/index.php?id=gbook|https://schoola2.loc/index.php?id=log
1761812160|/index.php?id=gbook|https://schoola2.loc/index.php?id=gbook
1761812350|/index.php?id=gbook|https://schoola2.loc/index.php?id=gbook
1761812391|/index.php?id=gbook|-
1761812501|/index.php?id=gbook|https://schoola2.loc/index.php?id=gbook
2025-10-30 13:26:45 | /index.php?id=gbook | https://schoola2.loc/index.php?id=gbook
2025-10-30 13:26:54 | /index.php?id=gbook | https://schoola2.loc/index.php?id=gbook
2025-10-30 13:26:55 | /index.php?id=log | https://schoola2.loc/index.php?id=gbook
2025-10-30 13:26:57 | /index.php?id=info | https://schoola2.loc/index.php?id=log
2025-10-30 13:26:58 | /index.php?id=info | https://schoola2.loc/index.php?id=info
2025-10-30 13:26:59 | /index.php?id=contact | https://schoola2.loc/index.php?id=info
2025-10-30 13:27:01 | /index.php?id=about | https://schoola2.loc/index.php?id=contact
2025-10-30 13:27:13 | /index.php?id=about | https://schoola2.loc/index.php?id=contact
2025-10-30 13:27:14 | /index.php?id=log | https://schoola2.loc/index.php?id=about
2025-10-30 13:27:16 | /index.php?id=gbook | https://schoola2.loc/index.php?id=log
2025-10-30 13:30:13 | /index.php?id=gbook | https://schoola2.loc/index.php?id=log
2025-10-30 13:30:51 | /index.php?id=gbook | https://schoola2.loc/index.php?id=log
2025-10-30 13:31:34 | /index.php?id=gbook | https://schoola2.loc/index.php?id=log
2025-10-30 13:32:16 | /index.php?id=gbook | https://schoola2.loc/index.php?id=log
2025-10-30 13:33:13 | /index.php?id=gbook | https://schoola2.loc/index.php?id=log
2025-10-30 13:33:22 | /index.php?id=log | https://schoola2.loc/index.php?id=log
2025-10-30 13:33:29 | /index.php?id=log | https://schoola2.loc/index.php?id=log
2025-10-30 13:33:43 | /index.php?id=log | https://schoola2.loc/index.php?id=log
1761813258|/index.php?id=log|https://schoola2.loc/index.php?id=log
1761813260|/index.php?id=gbook|https://schoola2.loc/index.php?id=log
1761813261|/index.php?id=log|https://schoola2.loc/index.php?id=log
1761813262|/index.php?id=log|https://schoola2.loc/index.php?id=log
1761813262|/index.php?id=log|https://schoola2.loc/index.php?id=log
1761813264|/index.php?id=about|https://schoola2.loc/index.php?id=log
1761813265|/index.php?id=log|https://schoola2.loc/index.php?id=about
1761813279|/index.php?id=log|https://schoola2.loc/index.php?id=about
1761813285|/index.php?id=log|https://schoola2.loc/index.php?id=about
1761813315|/index.php?id=log|https://schoola2.loc/index.php?id=about
1761813317|/index.php?id=gbook|https://schoola2.loc/index.php?id=log
1761813319|/index.php?id=log|https://schoola2.loc/index.php?id=gbook
1761813325|/index.php?id=about|https://schoola2.loc/index.php?id=log
1761813326|/index.php?id=log|https://schoola2.loc/index.php?id=about
1761813335|/index.php?id=gbook|https://schoola2.loc/index.php?id=log
1761813345|/index.php?id=gbook|https://schoola2.loc/index.php?id=gbook
1761813347|/index.php?id=log|https://schoola2.loc/index.php?id=gbook
1761813356|/index.php?id=info|https://schoola2.loc/index.php?id=log
1761813357|/index.php?id=contact|https://schoola2.loc/index.php?id=info
1761813359|/index.php?id=about|https://schoola2.loc/index.php?id=contact
1761813361|/index.php?id=gbook|https://schoola2.loc/index.php?id=about
1761813365|/index.php?id=gbook|https://schoola2.loc/index.php?id=gbook
1761813565|/index.php?id=gbook|https://schoola2.loc/index.php?id=gbook
1761813658|/index.php?id=gbook|https://schoola2.loc/index.php?id=gbook
1761813766|/index.php?id=gbook|https://schoola2.loc/index.php?id=gbook
1761814005|/index.php?id=gbook|https://schoola2.loc/index.php?id=gbook
1761814011|/index.php?id=gbook|https://schoola2.loc/index.php?id=gbook
1761814066|/index.php?id=gbook|https://schoola2.loc/index.php?id=gbook
